[2024-10-03 - 16:25:14.954][main][!INFO ][Main]: Program Path: F:\jyx Java Script\plateau-common
[2024-10-03 - 16:25:14.954][main][!INFO ][Main]: Directory Info: Error: The file does not have the specified line number.
[2024-10-03 - 16:25:42.203][main][!INFO ][Main]: Program Path: F:\jyx Java Script\plateau-common
[2024-10-03 - 16:25:42.203][main][!INFO ][Main]: Directory Info: Error: The file does not have the specified line number.
[2024-10-03 - 17:36:01.293][main][!INFO ][Main]: Program Path: F:\jyx Java Script\plateau-common
[2024-10-03 - 17:36:01.293][main][!INFO ][Main]: Directory Info: Error: The file does not have the specified line number.
[2024-10-03 - 17:41:21.634][main][!INFO ][Main]: Program Path: F:\jyx Java Script\plateau-common
[2024-10-03 - 17:41:21.634][main][!INFO ][Main]: Directory Info: Error: The file does not have the specified line number.
[2024-10-03 - 17:47:25.066][main][!INFO ][Main]: Program Path: F:\jyx Java Script\plateau-common
[2024-10-03 - 17:47:25.066][main][!INFO ][Main]: Directory Info: Error: The file does not have the specified line number.
[2024-10-03 - 17:47:54.133][main][!INFO ][Main]: Program Path: F:\jyx Java Script\plateau-common
[2024-10-03 - 17:47:54.133][main][!INFO ][Main]: Directory Info: Error: The file does not have the specified line number.
[2024-10-03 - 17:49:07.263][main][!WARN ][Main]: Starting net.plateau.MainCom...
[2024-10-03 - 17:49:07.263][main][!INFO ][Main]: Program Path: F:\jyx Java Script\plateau-common
[2024-10-03 - 17:49:07.263][main][!INFO ][Main]: Directory Info: Error: The file does not have the specified line number.
[2024-10-03 - 17:50:18.259][main][!WARN ][Main]: Starting net.plateau.MainCom...
[2024-10-03 - 17:50:18.259][main][!INFO ][Main]: Program Path: F:\jyx Java Script\plateau-common
[2024-10-03 - 17:50:18.259][main][!INFO ][Main]: Directory Info: Error: The file does not have the specified line number.
[2024-10-03 - 17:52:25.513][main][!WARN ][Main]: Starting net.plateau.MainCom...
[2024-10-03 - 17:52:25.513][main][!INFO ][initLogRecord]: Log initialization begins...
[2024-10-03 - 17:52:25.513][main][!INFO ][initLogRecord]: Log initialization ends...
[2024-10-03 - 17:52:25.513][main][!INFO ][Main]: Program Path: F:\jyx Java Script\plateau-common
[2024-10-03 - 17:52:25.513][main][!INFO ][Main]: Directory Info: Error: The file does not have the specified line number.
[2024-10-03 - 17:53:10.054][main][!WARN ][Main]: Starting net.plateau.MainCom...
[2024-10-03 - 17:53:10.069][main][!INFO ][initLogRecord]: Log initialization begins...
[2024-10-03 - 17:53:10.069][main][!INFO ][initLogRecord]: Log initialization ends...
[2024-10-03 - 17:53:10.069][main][!INFO ][Main]: Program Path: F:\jyx Java Script\plateau-common
[2024-10-03 - 17:53:10.069][main][!INFO ][Main]: Directory Info: Error: The file does not have the specified line number.
[2024-10-03 - 17:55:52.686][main][!WARN ][Main]: Starting net.plateau.MainCom...
[2024-10-03 - 17:55:52.686][main][!INFO ][initLogRecord]: Log initialization begins
[2024-10-03 - 17:55:52.686][main][!INFO ][initLogRecord]: Log initialization ends
[2024-10-03 - 17:55:52.686][main][!INFO ][Main]: Program Path: F:\jyx Java Script\plateau-common
[2024-10-03 - 17:55:52.686][main][!INFO ][Main]: Directory Info: Error: The file does not have the specified line number.
[2024-10-03 - 17:56:10.216][main][!WARN ][Main]: Starting net.plateau.MainCom...
[2024-10-03 - 17:56:10.216][main][!INFO ][initLogRecord]: Log initialization begins
[2024-10-03 - 17:56:10.216][main][!INFO ][initLogRecord]: Log initialization ends
[2024-10-03 - 17:56:10.231][main][!INFO ][Main]: Program Path: F:\jyx Java Script\plateau-common
[2024-10-03 - 17:56:10.231][main][!INFO ][Main]: Directory Info: Error: The file does not have the specified line number.
[2024-10-03 - 17:56:36.027][main][!WARN ][Main]: Starting net.plateau.MainCom...
[2024-10-03 - 17:56:36.027][main][!INFO ][initLogRecord]: Log initialization begins
[2024-10-03 - 17:56:36.027][main][!INFO ][initLogRecord]: Log initialization ends
[2024-10-03 - 17:56:36.027][main][!INFO ][Main]: Program Path: F:\jyx Java Script\plateau-common
[2024-10-03 - 17:56:36.027][main][!INFO ][Main]: Directory Info: Error: The file does not have the specified line number.
[2024-10-03 - 17:58:35.611][main][!WARN ][Main]: Starting net.plateau.MainCom...
[2024-10-03 - 17:58:35.611][main][!INFO ][initLogRecord]: 日志初始化开始
[2024-10-03 - 17:58:35.611][main][!INFO ][initLogRecord]: 日志初始化完成
[2024-10-03 - 17:58:35.611][main][!INFO ][Main]: Program Path: F:\jyx Java Script\plateau-common
[2024-10-03 - 17:58:35.611][main][!INFO ][Main]: Directory Info: Error: The file does not have the specified line number.
[2024-10-03 - 17:59:17.582][main][!WARN ][Main]: Starting net.plateau.MainCom...
[2024-10-03 - 17:59:17.589][main][!INFO ][initLogRecord]: 日志初始化开始
[2024-10-03 - 17:59:17.591][main][!INFO ][initLogRecord]: 日志初始化完成
[2024-10-03 - 17:59:17.591][main][!INFO ][Main]: Program Path: F:\jyx Java Script\plateau-common
[2024-10-03 - 17:59:17.591][main][!INFO ][Main]: Directory Info: Error: The file does not have the specified line number.
[2024-10-03 - 17:59:56.603][main][!WARN ][Main]: Starting net.plateau.MainCom...
[2024-10-03 - 17:59:56.603][main][!INFO ][initLogRecord]: Log initialization begins
[2024-10-03 - 17:59:56.603][main][!INFO ][initLogRecord]: Log initialization ends
[2024-10-03 - 17:59:56.603][main][!INFO ][Main]: Program Path: F:\jyx Java Script\plateau-common
[2024-10-03 - 17:59:56.603][main][!INFO ][Main]: Directory Info: Error: The file does not have the specified line number.
[2024-10-03 - 18:03:52.538][main][!WARN ][Main]: Starting net.plateau.MainCom...
[2024-10-03 - 18:03:52.538][main][!INFO ][initLogRecord]: Log initialization begins
[2024-10-03 - 18:03:52.538][main][!INFO ][initLogRecord]: Log initialization ends
[2024-10-03 - 18:03:52.538][main][!INFO ][Main]: Program Path: F:\jyx Java Script\plateau-common
[2024-10-03 - 18:03:52.538][main][!INFO ][Main]: Directory Info: Error: The file does not have the specified line number.
[2024-10-03 - 18:04:55.875][main][!WARN ][Main]: Starting net.plateau.MainCom...
[2024-10-03 - 18:04:55.875][main][!INFO ][initLogRecord]: Log initialization begins
[2024-10-03 - 18:04:55.875][main][!INFO ][initLogRecord]: Log initialization ends
[2024-10-03 - 18:04:55.890][main][!INFO ][Main]: Program Path: F:\jyx Java Script\plateau-common
[2024-10-03 - 18:04:55.890][main][!INFO ][Main]: Directory Info: Error: The file does not have the specified line number.
[2024-10-03 - 18:07:05.667][main][!WARN ][Main]: Starting net.plateau.MainCom...
[2024-10-03 - 18:07:05.667][main][!ERROR][initLogRecord]: System properties 'log4j.configurationFile' Not set or empty
[2024-10-03 - 18:07:05.667][main][!INFO ][Main]: Program Path: F:\jyx Java Script\plateau-common
[2024-10-03 - 18:07:05.667][main][!INFO ][Main]: Directory Info: Error: The file does not have the specified line number.
[2024-10-03 - 19:40:43.119][main][!WARN ][Main]: Starting net.plateau.MainCom...
[2024-10-03 - 19:40:43.119][main][!ERROR][initLogRecord]: System properties 'log4j.configurationFile' Not set or empty
[2024-10-03 - 19:40:43.119][main][!INFO ][Main]: Program Path: F:\jyx Java Script\plateau-common
[2024-10-03 - 19:40:43.119][main][!INFO ][Main]: Directory Info: Error: The file does not have the specified line number.
[2024-10-03 - 19:41:17.310][main][!WARN ][Main]: Starting net.plateau.MainCom...
[2024-10-03 - 19:41:17.310][main][!ERROR][initLogRecord]: 系统属性 'log4j.configurationFile' 未设置或为空
[2024-10-03 - 19:41:17.310][main][!INFO ][Main]: Program Path: F:\jyx Java Script\plateau-common
[2024-10-03 - 19:41:17.310][main][!INFO ][Main]: Directory Info: Error: The file does not have the specified line number.
[2024-10-03 - 19:42:07.020][main][!WARN ][Main]: Starting net.plateau.MainCom...
[2024-10-03 - 19:42:07.020][main][!ERROR][initLogRecord]: 系统属性 'log4j.configurationFile' 未设置或为空
[2024-10-03 - 19:42:07.020][main][!INFO ][Main]: Program Path: F:\jyx Java Script\plateau-common
[2024-10-03 - 19:42:07.020][main][!INFO ][Main]: Directory Info: Error: The file does not have the specified line number.
[2024-10-03 - 19:44:15.961][main][!WARN ][Main]: Starting net.plateau.MainCom...
[2024-10-03 - 19:44:15.961][main][!INFO ][initLogRecord]: Log initialization begins
[2024-10-03 - 19:44:15.961][main][!INFO ][initLogRecord]: Log initialization ends
[2024-10-03 - 19:44:15.961][main][!INFO ][Main]: Program Path: F:\jyx Java Script\plateau-common
[2024-10-03 - 19:44:15.961][main][!INFO ][Main]: Directory Info: Error: The file does not have the specified line number.
[2024-10-03 - 19:45:16.828][main][!WARN ][Main]: Starting net.plateau.MainCom...
[2024-10-03 - 19:45:16.828][main][!INFO ][initLogRecord]: Log initialization begins
[2024-10-03 - 19:45:16.828][main][!INFO ][initLogRecord]: Log initialization ends
[2024-10-03 - 19:45:16.828][main][!INFO ][Main]: Program Path: F:\jyx Java Script\plateau-common
[2024-10-03 - 19:45:16.828][main][!INFO ][Main]: Directory Info: Error: The file does not have the specified line number.
[2024-10-03 - 19:46:23.693][main][!WARN ][Main]: Starting net.plateau.MainCom...
[2024-10-03 - 19:46:23.693][main][!INFO ][initLogRecord]: Log initialization begins
[2024-10-03 - 19:46:23.693][main][!INFO ][initLogRecord]: Log initialization ends
[2024-10-03 - 19:46:23.693][main][!INFO ][Main]: Program Path: F:\jyx Java Script\plateau-common
[2024-10-03 - 19:46:23.693][main][!INFO ][Main]: Directory Info: Error: The file does not have the specified line number.
[2024-10-03 - 19:46:34.300][main][!WARN ][Main]: Starting net.plateau.MainCom...
[2024-10-03 - 19:46:34.300][main][!INFO ][initLogRecord]: Log initialization begins
[2024-10-03 - 19:46:34.300][main][!INFO ][initLogRecord]: Log initialization ends
[2024-10-03 - 19:46:34.300][main][!INFO ][Main]: Program Path: F:\jyx Java Script\plateau-common
[2024-10-03 - 19:46:34.300][main][!INFO ][Main]: Directory Info: Error: The file does not have the specified line number.
[2024-10-03 - 19:49:45.448][main][!WARN ][Main]: Starting net.plateau.MainCom...
[2024-10-03 - 19:49:45.463][main][!INFO ][initLogRecord]: Log initialization begins
[2024-10-03 - 19:49:45.463][main][!INFO ][initLogRecord]: Log initialization ends
[2024-10-03 - 19:49:45.463][main][!INFO ][Main]: Program Path: F:\jyx Java Script\plateau-common
[2024-10-03 - 19:49:45.463][main][!INFO ][Main]: Directory Info: Error: The file does not have the specified line number.
[2024-10-03 - 19:52:59.295][main][!WARN ][Main]: Starting net.plateau.MainCom...
[2024-10-03 - 19:52:59.295][main][!INFO ][initLogRecord]: Log initialization begins
[2024-10-03 - 19:52:59.295][main][!INFO ][initLogRecord]: Log initialization ends
[2024-10-03 - 19:52:59.295][main][!INFO ][Main]: Program Path: F:\jyx Java Script\plateau-common
[2024-10-03 - 19:52:59.295][main][!INFO ][Main]: Directory Info: Error: The file does not have the specified line number.
[2024-10-03 - 19:55:41.070][main][!WARN ][Main]: Starting net.plateau.MainCom...
[2024-10-03 - 19:55:41.070][main][!INFO ][initLogRecord]: 日志初始化开始
[2024-10-03 - 19:55:41.070][main][!INFO ][initLogRecord]: 日志初始化完成
[2024-10-03 - 19:55:41.070][main][!INFO ][Main]: Program Path: F:\jyx Java Script\plateau-common
[2024-10-03 - 19:55:41.070][main][!INFO ][Main]: Directory Info: Error: The file does not have the specified line number.
[2024-10-03 - 19:56:34.428][main][!WARN ][Main]: Starting net.plateau.MainCom...
[2024-10-03 - 19:56:34.428][main][!INFO ][initLogRecord]: Log initialization begins
[2024-10-03 - 19:56:34.428][main][!INFO ][initLogRecord]: Log initialization ends
[2024-10-03 - 19:56:34.428][main][!INFO ][Main]: Program Path: F:\jyx Java Script\plateau-common
[2024-10-03 - 19:56:34.428][main][!INFO ][Main]: Directory Info: Error: The file does not have the specified line number.
[2024-10-03 - 19:57:05.851][main][!WARN ][Main]: Starting net.plateau.MainCom...
[2024-10-03 - 19:57:05.851][main][!INFO ][initLogRecord]: Log initialization begins
[2024-10-03 - 19:57:05.851][main][!INFO ][initLogRecord]: Log initialization successful
[2024-10-03 - 19:57:05.851][main][!INFO ][Main]: Program Path: F:\jyx Java Script\plateau-common
[2024-10-03 - 19:57:05.851][main][!INFO ][Main]: Directory Info: Error: The file does not have the specified line number.
